INFO 2022-05-15 13:22:41,075 autoreload 677 Watching for file changes with StatReloader
INFO 2022-05-15 13:22:45,757 basehttp 187 "GET / HTTP/1.1" 200 10697
INFO 2022-05-15 13:24:03,518 basehttp 187 "GET / HTTP/1.1" 200 10697
ERROR 2022-05-15 13:41:23,436 basehttp 167 You're accessing the development server over HTTPS, but it only supports HTTP.

ERROR 2022-05-15 13:41:23,442 basehttp 167 You're accessing the development server over HTTPS, but it only supports HTTP.

ERROR 2022-05-15 13:41:23,446 basehttp 167 You're accessing the development server over HTTPS, but it only supports HTTP.

ERROR 2022-05-15 13:41:23,453 basehttp 167 You're accessing the development server over HTTPS, but it only supports HTTP.

ERROR 2022-05-15 13:41:25,072 basehttp 167 You're accessing the development server over HTTPS, but it only supports HTTP.

INFO 2022-05-15 13:41:25,074 basehttp 187 code 400, message Bad request syntax ('\x16\x03\x01\x02\x00\x01\x00\x01¨¹\x03\x03n\x83]')
ERROR 2022-05-15 13:41:25,077 basehttp 167 You're accessing the development server over HTTPS, but it only supports HTTP.

ERROR 2022-05-15 13:41:25,078 basehttp 167 You're accessing the development server over HTTPS, but it only supports HTTP.

ERROR 2022-05-15 13:41:25,081 basehttp 167 You're accessing the development server over HTTPS, but it only supports HTTP.

INFO 2022-05-15 13:41:31,410 autoreload 677 Watching for file changes with StatReloader
INFO 2022-05-15 13:41:34,858 basehttp 187 code 400, message Bad request syntax ('\x16\x03\x01\x02\x00\x01\x00\x01¨¹\x03\x03¡À')
ERROR 2022-05-15 13:41:34,863 basehttp 167 You're accessing the development server over HTTPS, but it only supports HTTP.

ERROR 2022-05-15 13:41:34,863 basehttp 167 You're accessing the development server over HTTPS, but it only supports HTTP.

INFO 2022-05-15 13:41:34,866 basehttp 187 code 400, message Bad request version ('¨¤]¨ª\x91')
ERROR 2022-05-15 13:41:34,866 basehttp 167 You're accessing the development server over HTTPS, but it only supports HTTP.

ERROR 2022-05-15 13:41:34,867 basehttp 167 You're accessing the development server over HTTPS, but it only supports HTTP.

ERROR 2022-05-15 13:42:25,599 basehttp 167 You're accessing the development server over HTTPS, but it only supports HTTP.

ERROR 2022-05-15 13:42:25,604 basehttp 167 You're accessing the development server over HTTPS, but it only supports HTTP.

ERROR 2022-05-15 13:42:25,616 basehttp 167 You're accessing the development server over HTTPS, but it only supports HTTP.

ERROR 2022-05-15 13:42:25,619 basehttp 167 You're accessing the development server over HTTPS, but it only supports HTTP.

ERROR 2022-05-15 13:42:33,821 basehttp 167 You're accessing the development server over HTTPS, but it only supports HTTP.

ERROR 2022-05-15 13:42:33,824 basehttp 167 You're accessing the development server over HTTPS, but it only supports HTTP.

ERROR 2022-05-15 13:42:33,828 basehttp 167 You're accessing the development server over HTTPS, but it only supports HTTP.

ERROR 2022-05-15 13:42:33,839 basehttp 167 You're accessing the development server over HTTPS, but it only supports HTTP.

ERROR 2022-05-15 13:43:30,860 exception 124 Invalid HTTP_HOST header: 'www.jiajia.site:8000'. You may need to add 'www.jiajia.site' to ALLOWED_HOSTS.
WARNING 2022-05-15 13:43:30,903 log 241 Bad Request: /
WARNING 2022-05-15 13:43:30,906 basehttp 187 "GET / HTTP/1.1" 400 72765
ERROR 2022-05-15 13:43:31,485 exception 124 Invalid HTTP_HOST header: 'www.jiajia.site:8000'. You may need to add 'www.jiajia.site' to ALLOWED_HOSTS.
WARNING 2022-05-15 13:43:31,513 log 241 Bad Request: /favicon.ico
WARNING 2022-05-15 13:43:31,515 basehttp 187 "GET /favicon.ico HTTP/1.1" 400 72824
INFO 2022-05-15 13:44:00,353 autoreload 266 C:\Users\24494\PycharmProjects\JiaJiamarket_django\JiaJiamarket_django\settings.py changed, reloading.
INFO 2022-05-15 13:44:01,290 autoreload 677 Watching for file changes with StatReloader
INFO 2022-05-15 13:44:01,665 basehttp 187 "GET / HTTP/1.1" 200 10697
INFO 2022-05-15 13:44:01,845 basehttp 187 "GET /static/admin/css/fonts.css HTTP/1.1" 200 423
INFO 2022-05-15 13:44:01,975 basehttp 187 "GET /static/admin/fonts/Roboto-Bold-webfont.woff HTTP/1.1" 200 86184
INFO 2022-05-15 13:44:01,977 basehttp 187 "GET /static/admin/fonts/Roboto-Light-webfont.woff HTTP/1.1" 200 85692
INFO 2022-05-15 13:44:01,978 basehttp 187 "GET /static/admin/fonts/Roboto-Regular-webfont.woff HTTP/1.1" 200 85876
WARNING 2022-05-15 13:44:01,990 log 241 Not Found: /favicon.ico
WARNING 2022-05-15 13:44:01,991 basehttp 187 "GET /favicon.ico HTTP/1.1" 404 2129
INFO 2022-05-15 13:47:49,312 autoreload 677 Watching for file changes with StatReloader
INFO 2022-05-15 13:48:07,363 basehttp 187 "GET / HTTP/1.1" 200 10697
WARNING 2022-05-15 13:48:07,905 log 241 Not Found: /favicon.ico
WARNING 2022-05-15 13:48:07,907 basehttp 187 "GET /favicon.ico HTTP/1.1" 404 2129
INFO 2022-05-15 13:52:41,448 autoreload 266 C:\Users\24494\PycharmProjects\JiaJiamarket_django\JiaJiamarket_django\settings.py changed, reloading.
INFO 2022-05-15 13:52:42,602 autoreload 677 Watching for file changes with StatReloader
INFO 2022-05-15 13:53:18,175 autoreload 266 C:\Users\24494\PycharmProjects\JiaJiamarket_django\JiaJiamarket_django\settings.py changed, reloading.
INFO 2022-05-15 13:53:19,010 autoreload 677 Watching for file changes with StatReloader
INFO 2022-05-15 13:56:24,867 autoreload 677 Watching for file changes with StatReloader
INFO 2022-05-15 13:56:31,031 autoreload 677 Watching for file changes with StatReloader
INFO 2022-05-15 13:57:02,478 autoreload 677 Watching for file changes with StatReloader
INFO 2022-05-15 13:57:06,554 autoreload 677 Watching for file changes with StatReloader
INFO 2022-05-16 14:34:19,156 autoreload 677 Watching for file changes with StatReloader
INFO 2022-05-16 14:34:52,037 autoreload 677 Watching for file changes with StatReloader
INFO 2022-05-16 14:35:43,426 autoreload 677 Watching for file changes with StatReloader
INFO 2022-05-16 14:36:42,489 autoreload 266 C:\Users\24494\PycharmProjects\JiaJiamarket_django\apps\user\models.py changed, reloading.
INFO 2022-05-16 14:36:43,372 autoreload 677 Watching for file changes with StatReloader
INFO 2022-05-16 14:38:13,783 autoreload 266 C:\Users\24494\PycharmProjects\JiaJiamarket_django\apps\user\models.py changed, reloading.
INFO 2022-05-16 14:38:14,715 autoreload 677 Watching for file changes with StatReloader
INFO 2022-05-16 17:48:47,234 autoreload 677 Watching for file changes with StatReloader
INFO 2022-05-16 17:49:15,308 autoreload 677 Watching for file changes with StatReloader
INFO 2022-05-16 17:49:25,596 autoreload 677 Watching for file changes with StatReloader
INFO 2022-05-16 17:49:35,708 autoreload 677 Watching for file changes with StatReloader
INFO 2022-05-16 17:49:51,728 autoreload 677 Watching for file changes with StatReloader
INFO 2022-05-16 17:51:03,571 autoreload 266 C:\Users\24494\PycharmProjects\JiaJiamarket_django\apps\user\models.py changed, reloading.
INFO 2022-05-16 17:51:04,306 autoreload 677 Watching for file changes with StatReloader
INFO 2022-05-16 17:51:36,219 autoreload 677 Watching for file changes with StatReloader
WARNING 2022-05-16 17:51:40,136 log 241 Not Found: /username/hjx/count/
WARNING 2022-05-16 17:51:40,136 basehttp 187 "GET /username/hjx/count/ HTTP/1.1" 404 2257
WARNING 2022-05-16 17:52:03,280 log 241 Not Found: /usernames/hjx/count/
WARNING 2022-05-16 17:52:03,281 basehttp 187 "GET /usernames/hjx/count/ HTTP/1.1" 404 2325
INFO 2022-05-16 17:53:11,596 autoreload 677 Watching for file changes with StatReloader
WARNING 2022-05-16 17:53:13,942 log 241 Not Found: /usernames/hjx/count/
WARNING 2022-05-16 17:53:13,943 basehttp 187 "GET /usernames/hjx/count/ HTTP/1.1" 404 2325
INFO 2022-05-16 17:53:34,428 autoreload 266 C:\Users\24494\PycharmProjects\JiaJiamarket_django\apps\user\urls.py changed, reloading.
INFO 2022-05-16 17:53:35,451 autoreload 677 Watching for file changes with StatReloader
INFO 2022-05-16 17:53:40,524 basehttp 187 "GET /usernames/hjx/count/ HTTP/1.1" 200 42
INFO 2022-05-16 17:55:32,512 autoreload 266 C:\Users\24494\PycharmProjects\JiaJiamarket_django\apps\user\views.py changed, reloading.
INFO 2022-05-16 17:55:33,460 autoreload 677 Watching for file changes with StatReloader
INFO 2022-05-16 17:58:09,729 autoreload 266 C:\Users\24494\PycharmProjects\JiaJiamarket_django\apps\user\views.py changed, reloading.
INFO 2022-05-16 17:58:10,724 autoreload 677 Watching for file changes with StatReloader
INFO 2022-05-16 17:58:49,015 autoreload 266 C:\Users\24494\PycharmProjects\JiaJiamarket_django\apps\user\views.py changed, reloading.
INFO 2022-05-16 17:58:49,942 autoreload 677 Watching for file changes with StatReloader
INFO 2022-05-16 17:59:10,506 autoreload 266 C:\Users\24494\PycharmProjects\JiaJiamarket_django\apps\user\views.py changed, reloading.
INFO 2022-05-16 17:59:11,472 autoreload 677 Watching for file changes with StatReloader
INFO 2022-05-16 17:59:32,757 basehttp 187 "GET /usernames/hjx/count/ HTTP/1.1" 200 42
INFO 2022-05-16 17:59:37,768 autoreload 677 Watching for file changes with StatReloader
INFO 2022-05-16 17:59:52,056 autoreload 677 Watching for file changes with StatReloader
INFO 2022-05-16 17:59:54,272 basehttp 187 "GET /usernames/hjx/count/ HTTP/1.1" 200 47
INFO 2022-05-16 18:02:07,501 autoreload 266 C:\Users\24494\PycharmProjects\JiaJiamarket_django\apps\user\urls.py changed, reloading.
INFO 2022-05-16 18:02:08,606 autoreload 677 Watching for file changes with StatReloader
INFO 2022-05-16 18:04:07,259 autoreload 266 C:\Users\24494\PycharmProjects\JiaJiamarket_django\apps\user\urls.py changed, reloading.
INFO 2022-05-16 18:04:08,396 autoreload 677 Watching for file changes with StatReloader
INFO 2022-05-16 18:05:30,591 autoreload 266 C:\Users\24494\PycharmProjects\JiaJiamarket_django\apps\user\urls.py changed, reloading.
INFO 2022-05-16 18:05:31,526 autoreload 677 Watching for file changes with StatReloader
INFO 2022-05-16 18:05:48,080 autoreload 266 C:\Users\24494\PycharmProjects\JiaJiamarket_django\apps\user\urls.py changed, reloading.
INFO 2022-05-16 18:05:49,157 autoreload 677 Watching for file changes with StatReloader
INFO 2022-05-16 18:06:05,629 autoreload 266 C:\Users\24494\PycharmProjects\JiaJiamarket_django\apps\user\urls.py changed, reloading.
INFO 2022-05-16 18:06:06,497 autoreload 677 Watching for file changes with StatReloader
INFO 2022-05-16 18:06:15,609 autoreload 677 Watching for file changes with StatReloader
WARNING 2022-05-16 18:06:16,511 log 241 Not Found: /usernames/hjx/count/
WARNING 2022-05-16 18:06:16,512 basehttp 187 "GET /usernames/hjx/count/ HTTP/1.1" 404 2335
INFO 2022-05-16 18:06:33,976 basehttp 187 "GET /usernames/hjx111/count/ HTTP/1.1" 200 42
INFO 2022-05-16 18:21:16,953 autoreload 266 C:\Users\24494\PycharmProjects\JiaJiamarket_django\JiaJiamarket_django\settings.py changed, reloading.
INFO 2022-05-16 18:21:17,939 autoreload 677 Watching for file changes with StatReloader
INFO 2022-05-16 18:21:29,747 autoreload 266 C:\Users\24494\PycharmProjects\JiaJiamarket_django\JiaJiamarket_django\settings.py changed, reloading.
INFO 2022-05-16 18:21:30,736 autoreload 677 Watching for file changes with StatReloader
INFO 2022-05-16 18:21:48,263 autoreload 266 C:\Users\24494\PycharmProjects\JiaJiamarket_django\JiaJiamarket_django\settings.py changed, reloading.
INFO 2022-05-16 18:21:49,235 autoreload 677 Watching for file changes with StatReloader
INFO 2022-05-16 18:21:58,430 autoreload 266 C:\Users\24494\PycharmProjects\JiaJiamarket_django\JiaJiamarket_django\settings.py changed, reloading.
INFO 2022-05-16 18:21:59,380 autoreload 677 Watching for file changes with StatReloader
INFO 2022-05-16 18:22:32,699 autoreload 266 C:\Users\24494\PycharmProjects\JiaJiamarket_django\JiaJiamarket_django\settings.py changed, reloading.
INFO 2022-05-16 18:22:33,719 autoreload 677 Watching for file changes with StatReloader
INFO 2022-05-16 18:23:02,645 autoreload 266 C:\Users\24494\PycharmProjects\JiaJiamarket_django\JiaJiamarket_django\settings.py changed, reloading.
INFO 2022-05-16 18:25:32,751 autoreload 677 Watching for file changes with StatReloader
INFO 2022-05-16 18:27:17,136 autoreload 677 Watching for file changes with StatReloader
WARNING 2022-05-16 18:28:02,216 log 241 Not Found: /carts/simple/
WARNING 2022-05-16 18:28:02,217 basehttp 187 "GET /carts/simple/ HTTP/1.1" 404 2320
WARNING 2022-05-16 18:28:06,157 log 241 Not Found: /image_codes/7413637f-39a6-4a1b-9d0e-ec285b55fcdd/
WARNING 2022-05-16 18:28:06,157 basehttp 187 "GET /image_codes/7413637f-39a6-4a1b-9d0e-ec285b55fcdd/ HTTP/1.1" 404 2428
INFO 2022-05-16 18:28:39,794 basehttp 187 "GET /usernames/sdgdsg22/count/ HTTP/1.1" 200 42
INFO 2022-05-16 18:28:48,490 basehttp 187 "GET /usernames/feawr222/count/ HTTP/1.1" 200 42
WARNING 2022-05-16 18:28:51,820 log 241 Not Found: /image_codes/bd768e46-12fa-4e8b-84e4-3482217eed4a/
WARNING 2022-05-16 18:28:51,821 basehttp 187 "GET /image_codes/bd768e46-12fa-4e8b-84e4-3482217eed4a/ HTTP/1.1" 404 2428
INFO 2022-05-16 18:28:54,580 basehttp 187 "GET /usernames/dsfese111/count/ HTTP/1.1" 200 42
WARNING 2022-05-16 18:29:02,315 log 241 Not Found: /image_codes/fa56d01a-0b3c-4f7f-a1aa-243077c932d6/
WARNING 2022-05-16 18:29:02,316 basehttp 187 "GET /image_codes/fa56d01a-0b3c-4f7f-a1aa-243077c932d6/ HTTP/1.1" 404 2428
INFO 2022-05-16 18:29:05,481 basehttp 187 "GET /usernames/sdfgdsaf11/count/ HTTP/1.1" 200 42
INFO 2022-05-16 18:35:10,113 autoreload 266 C:\Users\24494\PycharmProjects\JiaJiamarket_django\JiaJiamarket_django\settings.py changed, reloading.
INFO 2022-05-16 18:35:11,063 autoreload 677 Watching for file changes with StatReloader
INFO 2022-05-16 18:35:17,969 autoreload 677 Watching for file changes with StatReloader
INFO 2022-05-16 18:35:22,926 autoreload 677 Watching for file changes with StatReloader
WARNING 2022-05-16 18:35:38,755 log 241 Not Found: /carts/simple/
WARNING 2022-05-16 18:35:38,755 basehttp 187 "GET /carts/simple/ HTTP/1.1" 404 2320
WARNING 2022-05-16 18:35:40,174 log 241 Not Found: /image_codes/460c0494-c9d5-4c2b-a07f-5d78cb98b621/
WARNING 2022-05-16 18:35:40,175 basehttp 187 "GET /image_codes/460c0494-c9d5-4c2b-a07f-5d78cb98b621/ HTTP/1.1" 404 2428
INFO 2022-05-16 18:35:44,088 basehttp 187 "GET /usernames/sdgfew22/count/ HTTP/1.1" 200 42
INFO 2022-05-16 18:35:46,613 basehttp 187 "GET /usernames/sdgfew22/count/ HTTP/1.1" 200 42
INFO 2022-05-16 18:35:50,523 basehttp 187 "GET /usernames/sdgfew22/count/ HTTP/1.1" 200 42
WARNING 2022-05-16 18:35:50,918 log 241 Not Found: /favicon.ico
WARNING 2022-05-16 18:35:50,919 basehttp 187 "GET /favicon.ico HTTP/1.1" 404 2314
INFO 2022-05-16 18:35:53,953 basehttp 187 "GET /usernames/sdgfew22/count/ HTTP/1.1" 200 42
INFO 2022-05-16 18:36:05,667 basehttp 187 "GET /usernames/sdgfew22/count/ HTTP/1.1" 200 42
INFO 2022-05-17 14:22:16,534 autoreload 677 Watching for file changes with StatReloader
WARNING 2022-05-17 14:22:27,853 log 241 Not Found: /
WARNING 2022-05-17 14:22:27,854 basehttp 187 "GET / HTTP/1.1" 404 2440
WARNING 2022-05-17 14:22:28,514 log 241 Not Found: /favicon.ico
WARNING 2022-05-17 14:22:28,515 basehttp 187 "GET /favicon.ico HTTP/1.1" 404 2491
WARNING 2022-05-17 14:24:11,381 log 241 Not Found: /
WARNING 2022-05-17 14:24:11,382 basehttp 187 "GET / HTTP/1.1" 404 2446
WARNING 2022-05-17 14:24:11,938 log 241 Not Found: /favicon.ico
WARNING 2022-05-17 14:24:11,939 basehttp 187 "GET /favicon.ico HTTP/1.1" 404 2497
WARNING 2022-05-17 14:24:24,620 log 241 Not Found: /image_codes/4e3ec2ce-07bf-4dda-bcb3-884226b35d32/
WARNING 2022-05-17 14:24:24,621 basehttp 187 "GET /image_codes/4e3ec2ce-07bf-4dda-bcb3-884226b35d32/ HTTP/1.1" 404 2611
WARNING 2022-05-17 14:24:33,447 log 241 Not Found: /image_codes/ce48dc99-2f91-4651-81af-16994fe1021c/
WARNING 2022-05-17 14:24:33,448 basehttp 187 "GET /image_codes/ce48dc99-2f91-4651-81af-16994fe1021c/ HTTP/1.1" 404 2611
WARNING 2022-05-17 14:25:23,087 log 241 Not Found: /image_codes/7031b1d0-bb44-4f5a-9c8e-5a22eafdd06d/
WARNING 2022-05-17 14:25:23,088 basehttp 187 "GET /image_codes/7031b1d0-bb44-4f5a-9c8e-5a22eafdd06d/ HTTP/1.1" 404 2611
WARNING 2022-05-17 14:25:24,362 log 241 Not Found: /carts/simple/
WARNING 2022-05-17 14:25:24,363 basehttp 187 "GET /carts/simple/ HTTP/1.1" 404 2503
WARNING 2022-05-17 14:25:25,194 log 241 Not Found: /image_codes/25122d70-f869-4334-958a-44c033b13667/
WARNING 2022-05-17 14:25:25,195 basehttp 187 "GET /image_codes/25122d70-f869-4334-958a-44c033b13667/ HTTP/1.1" 404 2611
INFO 2022-05-17 14:25:27,987 basehttp 187 "GET /usernames/skxmxm/count/ HTTP/1.1" 200 42
INFO 2022-05-17 14:25:42,961 basehttp 187 "GET /mobiles/13576154277/count/ HTTP/1.1" 200 42
INFO 2022-05-17 14:25:47,147 basehttp 187 "GET /mobiles/13576154277/count/ HTTP/1.1" 200 42
WARNING 2022-05-17 14:25:48,884 log 241 Not Found: /image_codes/6348fa17-4bb7-4488-a871-ac70168420c2/
WARNING 2022-05-17 14:25:48,885 basehttp 187 "GET /image_codes/6348fa17-4bb7-4488-a871-ac70168420c2/ HTTP/1.1" 404 2611
INFO 2022-05-17 14:26:03,542 basehttp 187 "GET /mobiles/13576154277/count/ HTTP/1.1" 200 42
INFO 2022-05-17 14:29:52,147 basehttp 187 "GET /mobiles/13576154277/count/ HTTP/1.1" 200 42
INFO 2022-05-17 14:32:53,283 autoreload 266 C:\Users\24494\PycharmProjects\JiaJiamarket_django\apps\user\views.py changed, reloading.
INFO 2022-05-17 14:32:54,368 autoreload 677 Watching for file changes with StatReloader
INFO 2022-05-17 14:43:49,199 autoreload 266 C:\Users\24494\PycharmProjects\JiaJiamarket_django\apps\user\views.py changed, reloading.
INFO 2022-05-17 14:43:50,061 autoreload 677 Watching for file changes with StatReloader
INFO 2022-05-17 14:44:35,379 autoreload 266 C:\Users\24494\PycharmProjects\JiaJiamarket_django\apps\user\views.py changed, reloading.
INFO 2022-05-17 14:44:36,389 autoreload 677 Watching for file changes with StatReloader
INFO 2022-05-17 14:45:21,807 autoreload 266 C:\Users\24494\PycharmProjects\JiaJiamarket_django\apps\user\views.py changed, reloading.
INFO 2022-05-17 14:45:22,731 autoreload 677 Watching for file changes with StatReloader
INFO 2022-05-17 14:47:10,430 autoreload 266 C:\Users\24494\PycharmProjects\JiaJiamarket_django\apps\user\views.py changed, reloading.
INFO 2022-05-17 14:47:11,460 autoreload 677 Watching for file changes with StatReloader
INFO 2022-05-17 14:47:33,959 autoreload 266 C:\Users\24494\PycharmProjects\JiaJiamarket_django\apps\user\views.py changed, reloading.
INFO 2022-05-17 14:47:34,883 autoreload 677 Watching for file changes with StatReloader
INFO 2022-05-17 14:47:44,779 autoreload 266 C:\Users\24494\PycharmProjects\JiaJiamarket_django\apps\user\views.py changed, reloading.
INFO 2022-05-17 14:47:45,749 autoreload 677 Watching for file changes with StatReloader
INFO 2022-05-17 14:48:06,221 autoreload 266 C:\Users\24494\PycharmProjects\JiaJiamarket_django\apps\user\views.py changed, reloading.
INFO 2022-05-17 14:48:07,122 autoreload 677 Watching for file changes with StatReloader
INFO 2022-05-17 14:48:16,130 autoreload 266 C:\Users\24494\PycharmProjects\JiaJiamarket_django\apps\user\views.py changed, reloading.
INFO 2022-05-17 14:48:17,087 autoreload 677 Watching for file changes with StatReloader
INFO 2022-05-17 14:49:57,866 autoreload 266 C:\Users\24494\PycharmProjects\JiaJiamarket_django\apps\user\views.py changed, reloading.
INFO 2022-05-17 14:49:58,772 autoreload 677 Watching for file changes with StatReloader
INFO 2022-05-17 14:50:03,989 autoreload 266 C:\Users\24494\PycharmProjects\JiaJiamarket_django\apps\user\views.py changed, reloading.
INFO 2022-05-17 14:50:04,892 autoreload 677 Watching for file changes with StatReloader
INFO 2022-05-17 14:50:09,711 autoreload 266 C:\Users\24494\PycharmProjects\JiaJiamarket_django\apps\user\views.py changed, reloading.
INFO 2022-05-17 14:50:10,765 autoreload 677 Watching for file changes with StatReloader
INFO 2022-05-17 14:50:16,813 autoreload 266 C:\Users\24494\PycharmProjects\JiaJiamarket_django\apps\user\views.py changed, reloading.
INFO 2022-05-17 14:50:17,710 autoreload 677 Watching for file changes with StatReloader
INFO 2022-05-17 14:50:52,680 autoreload 266 C:\Users\24494\PycharmProjects\JiaJiamarket_django\apps\user\views.py changed, reloading.
INFO 2022-05-17 14:50:53,515 autoreload 677 Watching for file changes with StatReloader
INFO 2022-05-17 14:52:03,879 autoreload 266 C:\Users\24494\PycharmProjects\JiaJiamarket_django\apps\user\views.py changed, reloading.
INFO 2022-05-17 14:52:04,762 autoreload 677 Watching for file changes with StatReloader
INFO 2022-05-17 14:52:10,661 autoreload 266 C:\Users\24494\PycharmProjects\JiaJiamarket_django\apps\user\views.py changed, reloading.
INFO 2022-05-17 14:52:11,651 autoreload 677 Watching for file changes with StatReloader
INFO 2022-05-17 14:52:19,635 autoreload 266 C:\Users\24494\PycharmProjects\JiaJiamarket_django\apps\user\views.py changed, reloading.
INFO 2022-05-17 14:52:20,661 autoreload 677 Watching for file changes with StatReloader
INFO 2022-05-17 14:52:37,138 autoreload 266 C:\Users\24494\PycharmProjects\JiaJiamarket_django\apps\user\views.py changed, reloading.
INFO 2022-05-17 14:52:38,127 autoreload 677 Watching for file changes with StatReloader
INFO 2022-05-17 14:53:13,155 autoreload 266 C:\Users\24494\PycharmProjects\JiaJiamarket_django\apps\user\views.py changed, reloading.
INFO 2022-05-17 14:53:14,184 autoreload 677 Watching for file changes with StatReloader
INFO 2022-05-17 14:53:43,379 autoreload 266 C:\Users\24494\PycharmProjects\JiaJiamarket_django\apps\user\views.py changed, reloading.
INFO 2022-05-17 14:53:44,399 autoreload 677 Watching for file changes with StatReloader
INFO 2022-05-17 14:57:40,078 autoreload 266 C:\Users\24494\PycharmProjects\JiaJiamarket_django\apps\user\urls.py changed, reloading.
INFO 2022-05-17 14:57:41,071 autoreload 677 Watching for file changes with StatReloader
INFO 2022-05-17 14:57:53,177 autoreload 266 C:\Users\24494\PycharmProjects\JiaJiamarket_django\apps\user\views.py changed, reloading.
INFO 2022-05-17 14:57:54,172 autoreload 677 Watching for file changes with StatReloader
INFO 2022-05-17 14:58:03,135 autoreload 266 C:\Users\24494\PycharmProjects\JiaJiamarket_django\apps\user\views.py changed, reloading.
INFO 2022-05-17 14:58:04,036 autoreload 677 Watching for file changes with StatReloader
INFO 2022-05-17 14:58:12,997 autoreload 266 C:\Users\24494\PycharmProjects\JiaJiamarket_django\apps\user\views.py changed, reloading.
INFO 2022-05-17 14:58:13,887 autoreload 677 Watching for file changes with StatReloader
INFO 2022-05-17 14:58:19,641 autoreload 266 C:\Users\24494\PycharmProjects\JiaJiamarket_django\apps\user\views.py changed, reloading.
INFO 2022-05-17 14:58:20,654 autoreload 677 Watching for file changes with StatReloader
INFO 2022-05-17 14:58:58,798 autoreload 266 C:\Users\24494\PycharmProjects\JiaJiamarket_django\apps\user\views.py changed, reloading.
INFO 2022-05-17 14:58:59,677 autoreload 677 Watching for file changes with StatReloader
INFO 2022-05-17 14:59:19,957 autoreload 266 C:\Users\24494\PycharmProjects\JiaJiamarket_django\apps\user\views.py changed, reloading.
INFO 2022-05-17 14:59:21,044 autoreload 677 Watching for file changes with StatReloader
INFO 2022-05-17 14:59:26,902 autoreload 266 C:\Users\24494\PycharmProjects\JiaJiamarket_django\apps\user\views.py changed, reloading.
INFO 2022-05-17 14:59:27,828 autoreload 677 Watching for file changes with StatReloader
INFO 2022-05-17 14:59:50,402 autoreload 266 C:\Users\24494\PycharmProjects\JiaJiamarket_django\apps\user\views.py changed, reloading.
INFO 2022-05-17 14:59:51,447 autoreload 677 Watching for file changes with StatReloader
INFO 2022-05-17 15:00:09,957 autoreload 266 C:\Users\24494\PycharmProjects\JiaJiamarket_django\apps\user\views.py changed, reloading.
INFO 2022-05-17 15:00:10,919 autoreload 677 Watching for file changes with StatReloader
INFO 2022-05-17 15:00:14,669 autoreload 266 C:\Users\24494\PycharmProjects\JiaJiamarket_django\apps\user\views.py changed, reloading.
INFO 2022-05-17 15:00:15,734 autoreload 677 Watching for file changes with StatReloader
INFO 2022-05-17 15:00:33,147 autoreload 266 C:\Users\24494\PycharmProjects\JiaJiamarket_django\apps\user\views.py changed, reloading.
INFO 2022-05-17 15:00:34,053 autoreload 677 Watching for file changes with StatReloader
INFO 2022-05-17 15:01:02,977 autoreload 266 C:\Users\24494\PycharmProjects\JiaJiamarket_django\apps\user\views.py changed, reloading.
INFO 2022-05-17 15:01:03,928 autoreload 677 Watching for file changes with StatReloader
INFO 2022-05-17 15:01:47,661 autoreload 266 C:\Users\24494\PycharmProjects\JiaJiamarket_django\apps\user\views.py changed, reloading.
INFO 2022-05-17 15:01:48,687 autoreload 677 Watching for file changes with StatReloader
INFO 2022-05-17 15:02:25,543 autoreload 266 C:\Users\24494\PycharmProjects\JiaJiamarket_django\apps\user\views.py changed, reloading.
INFO 2022-05-17 15:02:26,531 autoreload 677 Watching for file changes with StatReloader
INFO 2022-05-17 15:03:00,515 autoreload 266 C:\Users\24494\PycharmProjects\JiaJiamarket_django\apps\user\views.py changed, reloading.
INFO 2022-05-17 15:03:01,459 autoreload 677 Watching for file changes with StatReloader
INFO 2022-05-17 15:07:55,450 autoreload 266 C:\Users\24494\PycharmProjects\JiaJiamarket_django\apps\user\views.py changed, reloading.
INFO 2022-05-17 15:07:56,493 autoreload 677 Watching for file changes with StatReloader
INFO 2022-05-17 15:15:58,674 autoreload 677 Watching for file changes with StatReloader
INFO 2022-05-17 15:16:03,139 autoreload 677 Watching for file changes with StatReloader
INFO 2022-05-17 15:16:13,854 basehttp 187 "GET /usernames/skxmxm/count/ HTTP/1.1" 200 39
INFO 2022-05-17 15:16:25,034 basehttp 187 "GET /usernames/skxmxm/count/ HTTP/1.1" 200 39
WARNING 2022-05-17 15:16:25,039 log 241 Not Found: /mobiles/13576154277/count/
WARNING 2022-05-17 15:16:25,040 basehttp 187 "GET /mobiles/13576154277/count/ HTTP/1.1" 404 2698
INFO 2022-05-17 15:16:26,449 basehttp 187 "OPTIONS /register/ HTTP/1.1" 200 0
WARNING 2022-05-17 15:16:26,451 log 241 Not Found: /mobiles/13576154277/count/
INFO 2022-05-17 15:16:26,452 basehttp 187 "GET /usernames/skxmxm/count/ HTTP/1.1" 200 39
WARNING 2022-05-17 15:16:26,454 basehttp 187 "GET /mobiles/13576154277/count/ HTTP/1.1" 404 2698
WARNING 2022-05-17 15:16:26,458 log 241 Forbidden (Origin checking failed - http://www.meiduo.site:8080 does not match any trusted origins.): /register/
WARNING 2022-05-17 15:16:26,458 basehttp 187 "POST /register/ HTTP/1.1" 403 2575
INFO 2022-05-17 15:18:27,481 autoreload 677 Watching for file changes with StatReloader
INFO 2022-05-17 15:18:30,454 basehttp 187 "GET /usernames/skxmxm/count/ HTTP/1.1" 200 39
WARNING 2022-05-17 15:18:30,461 log 241 Not Found: /mobiles/13576154277/count/
WARNING 2022-05-17 15:18:30,462 basehttp 187 "GET /mobiles/13576154277/count/ HTTP/1.1" 404 2698
ERROR 2022-05-17 15:18:30,490 log 241 Internal Server Error: /register/
Traceback (most recent call last):
  File "C:\Users\24494\AppData\Local\Programs\Python\Python310\lib\site-packages\django\core\handlers\exception.py", line 55, in inner
    response = get_response(request)
  File "C:\Users\24494\AppData\Local\Programs\Python\Python310\lib\site-packages\django\core\handlers\base.py", line 197, in _get_response
    response = wrapped_callback(request, *callback_args, **callback_kwargs)
  File "C:\Users\24494\PycharmProjects\JiaJiamarket_django\apps\user\views.py", line 40, in register
    elif user.objects.filter(username=username).count():
  File "C:\Users\24494\AppData\Local\Programs\Python\Python310\lib\site-packages\django\db\models\manager.py", line 186, in __get__
    raise AttributeError(
AttributeError: Manager isn't accessible via User instances
ERROR 2022-05-17 15:18:30,493 basehttp 187 "POST /register/ HTTP/1.1" 500 74975
INFO 2022-05-17 15:22:58,269 autoreload 677 Watching for file changes with StatReloader
ERROR 2022-05-17 15:23:02,004 log 241 Internal Server Error: /register/
Traceback (most recent call last):
  File "C:\Users\24494\AppData\Local\Programs\Python\Python310\lib\site-packages\django\core\handlers\exception.py", line 55, in inner
    response = get_response(request)
  File "C:\Users\24494\AppData\Local\Programs\Python\Python310\lib\site-packages\django\core\handlers\base.py", line 197, in _get_response
    response = wrapped_callback(request, *callback_args, **callback_kwargs)
  File "C:\Users\24494\PycharmProjects\JiaJiamarket_django\apps\user\views.py", line 40, in register
    elif user.objects.filter(username=username).count():
  File "C:\Users\24494\AppData\Local\Programs\Python\Python310\lib\site-packages\django\db\models\manager.py", line 186, in __get__
    raise AttributeError(
AttributeError: Manager isn't accessible via User instances
ERROR 2022-05-17 15:23:02,007 basehttp 187 "POST /register/ HTTP/1.1" 500 74403
INFO 2022-05-17 15:24:09,239 basehttp 187 "POST /register/ HTTP/1.1" 200 43
ERROR 2022-05-17 15:24:15,768 log 241 Internal Server Error: /register/
Traceback (most recent call last):
  File "C:\Users\24494\AppData\Local\Programs\Python\Python310\lib\site-packages\django\core\handlers\exception.py", line 55, in inner
    response = get_response(request)
  File "C:\Users\24494\AppData\Local\Programs\Python\Python310\lib\site-packages\django\core\handlers\base.py", line 197, in _get_response
    response = wrapped_callback(request, *callback_args, **callback_kwargs)
  File "C:\Users\24494\PycharmProjects\JiaJiamarket_django\apps\user\views.py", line 40, in register
    elif user.objects.filter(username=username).count():
  File "C:\Users\24494\AppData\Local\Programs\Python\Python310\lib\site-packages\django\db\models\manager.py", line 186, in __get__
    raise AttributeError(
AttributeError: Manager isn't accessible via User instances
ERROR 2022-05-17 15:24:15,770 basehttp 187 "POST /register/ HTTP/1.1" 500 74403
INFO 2022-05-17 15:26:36,753 autoreload 677 Watching for file changes with StatReloader
INFO 2022-05-17 15:26:40,036 basehttp 187 "POST /register/ HTTP/1.1" 200 46
INFO 2022-05-17 15:27:16,015 autoreload 677 Watching for file changes with StatReloader
INFO 2022-05-17 15:27:18,764 basehttp 187 "POST /register/ HTTP/1.1" 200 27
INFO 2022-05-17 15:29:13,070 autoreload 266 C:\Users\24494\PycharmProjects\JiaJiamarket_django\apps\user\views.py changed, reloading.
INFO 2022-05-17 15:29:14,153 autoreload 677 Watching for file changes with StatReloader
INFO 2022-05-17 15:29:26,001 autoreload 677 Watching for file changes with StatReloader
INFO 2022-05-17 15:31:05,057 autoreload 266 C:\Users\24494\PycharmProjects\JiaJiamarket_django\apps\user\views.py changed, reloading.
INFO 2022-05-17 15:31:06,018 autoreload 677 Watching for file changes with StatReloader
INFO 2022-05-17 15:31:19,771 autoreload 677 Watching for file changes with StatReloader
INFO 2022-05-17 15:32:53,331 autoreload 677 Watching for file changes with StatReloader
INFO 2022-05-17 15:32:56,953 basehttp 187 "POST /register/ HTTP/1.1" 200 48
INFO 2022-05-17 15:33:32,164 basehttp 187 "POST /register/ HTTP/1.1" 200 27
INFO 2022-05-17 15:33:52,738 basehttp 187 "GET /usernames/skxmxm/count/ HTTP/1.1" 200 59
WARNING 2022-05-17 15:33:54,905 log 241 Not Found: /mobiles/13576154277/count/
WARNING 2022-05-17 15:33:54,906 basehttp 187 "GET /mobiles/13576154277/count/ HTTP/1.1" 404 2698
WARNING 2022-05-17 15:33:57,054 log 241 Not Found: /mobiles/13576154277/count/
WARNING 2022-05-17 15:33:57,055 basehttp 187 "GET /mobiles/13576154277/count/ HTTP/1.1" 404 2698
WARNING 2022-05-17 15:34:03,226 log 241 Not Found: /mobiles/13576154277/count/
WARNING 2022-05-17 15:34:03,227 basehttp 187 "GET /mobiles/13576154277/count/ HTTP/1.1" 404 2698
WARNING 2022-05-17 15:34:06,094 log 241 Not Found: /image_codes/795ecc85-3896-4b10-9d00-18787f5467c7/
WARNING 2022-05-17 15:34:06,095 basehttp 187 "GET /image_codes/795ecc85-3896-4b10-9d00-18787f5467c7/ HTTP/1.1" 404 2767
WARNING 2022-05-17 15:34:10,130 log 241 Not Found: /mobiles/13576154277/count/
WARNING 2022-05-17 15:34:10,132 basehttp 187 "GET /mobiles/13576154277/count/ HTTP/1.1" 404 2698
INFO 2022-05-17 15:35:09,187 autoreload 677 Watching for file changes with StatReloader
WARNING 2022-05-17 15:35:11,993 log 241 Not Found: /mobiles/13576154277/count/
WARNING 2022-05-17 15:35:11,994 basehttp 187 "GET /mobiles/13576154277/count/ HTTP/1.1" 404 2698
WARNING 2022-05-17 15:35:14,214 log 241 Not Found: /image_codes/21b11d98-4e66-4fde-9952-3370f7fcbb8d/
WARNING 2022-05-17 15:35:14,215 basehttp 187 "GET /image_codes/21b11d98-4e66-4fde-9952-3370f7fcbb8d/ HTTP/1.1" 404 2767
WARNING 2022-05-17 15:35:18,185 log 241 Not Found: /mobiles/13333333333/count/
WARNING 2022-05-17 15:35:18,186 basehttp 187 "GET /mobiles/13333333333/count/ HTTP/1.1" 404 2698
WARNING 2022-05-17 15:35:22,140 log 241 Not Found: /image_codes/2d6bbc77-2b86-42dd-877f-7f2c4bbdc2b4/
WARNING 2022-05-17 15:35:22,141 basehttp 187 "GET /image_codes/2d6bbc77-2b86-42dd-877f-7f2c4bbdc2b4/ HTTP/1.1" 404 2767
WARNING 2022-05-17 15:35:27,034 log 241 Not Found: /mobiles/13576154277/count/
WARNING 2022-05-17 15:35:27,036 basehttp 187 "GET /mobiles/13576154277/count/ HTTP/1.1" 404 2698
INFO 2022-05-17 15:36:23,290 autoreload 677 Watching for file changes with StatReloader
WARNING 2022-05-17 15:36:25,789 log 241 Not Found: /image_codes/1f58420a-54c6-4e33-a1a0-14ac922bebb1/
WARNING 2022-05-17 15:36:25,791 basehttp 187 "GET /image_codes/1f58420a-54c6-4e33-a1a0-14ac922bebb1/ HTTP/1.1" 404 2767
INFO 2022-05-17 15:36:30,686 basehttp 187 "GET /mobiles/13576154277/count/ HTTP/1.1" 200 59
INFO 2022-05-17 15:36:33,645 basehttp 187 "GET /mobiles/13576154277/count/ HTTP/1.1" 200 59
INFO 2022-05-17 15:40:04,922 basehttp 187 "GET /usernames/skxmxm_02/count/ HTTP/1.1" 200 39
INFO 2022-05-17 15:40:15,035 basehttp 187 "GET /mobiles/13333333334/count/ HTTP/1.1" 200 39
INFO 2022-05-17 15:40:59,679 basehttp 187 "GET /usernames/skxmxm_02/count/ HTTP/1.1" 200 39
INFO 2022-05-17 15:40:59,685 basehttp 187 "GET /mobiles/13333333334/count/ HTTP/1.1" 200 39
INFO 2022-05-17 15:41:00,708 basehttp 187 "GET /usernames/skxmxm_02/count/ HTTP/1.1" 200 39
INFO 2022-05-17 15:41:00,711 basehttp 187 "GET /mobiles/13333333334/count/ HTTP/1.1" 200 39
INFO 2022-05-17 15:41:00,936 basehttp 187 "POST /register/ HTTP/1.1" 200 27
WARNING 2022-05-17 15:41:01,387 log 241 Not Found: /carts/simple/
WARNING 2022-05-17 15:41:01,388 basehttp 187 "GET /carts/simple/ HTTP/1.1" 404 2659
INFO 2022-05-17 15:55:26,159 autoreload 677 Watching for file changes with StatReloader
INFO 2022-05-17 15:55:36,707 basehttp 187 "GET /usernames/skxmxm_04/count/ HTTP/1.1" 200 39
INFO 2022-05-17 15:55:36,709 basehttp 187 "GET /mobiles/13333333335/count/ HTTP/1.1" 200 39
ERROR 2022-05-17 15:55:36,986 log 241 Internal Server Error: /register/
Traceback (most recent call last):
  File "C:\Users\24494\AppData\Local\Programs\Python\Python310\lib\site-packages\django\core\handlers\exception.py", line 55, in inner
    response = get_response(request)
  File "C:\Users\24494\AppData\Local\Programs\Python\Python310\lib\site-packages\django\core\handlers\base.py", line 197, in _get_response
    response = wrapped_callback(request, *callback_args, **callback_kwargs)
  File "C:\Users\24494\AppData\Local\Programs\Python\Python310\lib\site-packages\django\views\generic\base.py", line 84, in view
    return self.dispatch(request, *args, **kwargs)
  File "C:\Users\24494\AppData\Local\Programs\Python\Python310\lib\site-packages\django\views\generic\base.py", line 119, in dispatch
    return handler(request, *args, **kwargs)
  File "C:\Users\24494\PycharmProjects\JiaJiamarket_django\apps\user\views.py", line 55, in post
    login(request, user)
TypeError: login() takes 1 positional argument but 2 were given
ERROR 2022-05-17 15:55:36,990 basehttp 187 "POST /register/ HTTP/1.1" 500 79872
INFO 2022-05-17 15:55:38,846 basehttp 187 "POST /register/ HTTP/1.1" 200 43
INFO 2022-05-17 15:55:38,847 basehttp 187 "GET /usernames/skxmxm_04/count/ HTTP/1.1" 200 59
INFO 2022-05-17 15:55:38,848 basehttp 187 "GET /mobiles/13333333335/count/ HTTP/1.1" 200 59
INFO 2022-05-17 15:55:49,211 basehttp 187 "GET /usernames/skxmxm_05/count/ HTTP/1.1" 200 39
INFO 2022-05-17 15:56:07,100 basehttp 187 "GET /mobiles/13333333336/count/ HTTP/1.1" 200 39
INFO 2022-05-17 15:56:07,904 basehttp 187 "GET /mobiles/13333333336/count/ HTTP/1.1" 200 39
INFO 2022-05-17 15:56:07,905 basehttp 187 "GET /usernames/skxmxm_05/count/ HTTP/1.1" 200 39
ERROR 2022-05-17 15:56:08,170 log 241 Internal Server Error: /register/
Traceback (most recent call last):
  File "C:\Users\24494\AppData\Local\Programs\Python\Python310\lib\site-packages\django\core\handlers\exception.py", line 55, in inner
    response = get_response(request)
  File "C:\Users\24494\AppData\Local\Programs\Python\Python310\lib\site-packages\django\core\handlers\base.py", line 197, in _get_response
    response = wrapped_callback(request, *callback_args, **callback_kwargs)
  File "C:\Users\24494\AppData\Local\Programs\Python\Python310\lib\site-packages\django\views\generic\base.py", line 84, in view
    return self.dispatch(request, *args, **kwargs)
  File "C:\Users\24494\AppData\Local\Programs\Python\Python310\lib\site-packages\django\views\generic\base.py", line 119, in dispatch
    return handler(request, *args, **kwargs)
  File "C:\Users\24494\PycharmProjects\JiaJiamarket_django\apps\user\views.py", line 55, in post
    login(request, user)
TypeError: login() takes 1 positional argument but 2 were given
ERROR 2022-05-17 15:56:08,174 basehttp 187 "POST /register/ HTTP/1.1" 500 79872
WARNING 2022-05-17 15:56:29,752 log 241 Not Found: /image_codes/d2319414-f7d1-4600-bfe0-ca953de5187f/
WARNING 2022-05-17 15:56:29,753 basehttp 187 "GET /image_codes/d2319414-f7d1-4600-bfe0-ca953de5187f/ HTTP/1.1" 404 2767
INFO 2022-05-17 15:56:58,529 autoreload 677 Watching for file changes with StatReloader
INFO 2022-05-17 15:57:03,130 basehttp 187 "GET /usernames/skxmxm/count/ HTTP/1.1" 200 39
INFO 2022-05-17 15:57:56,493 basehttp 187 "GET /mobiles/13576154277/count/ HTTP/1.1" 200 39
INFO 2022-05-17 15:58:00,930 basehttp 187 "GET /usernames/skxmxm/count/ HTTP/1.1" 200 39
INFO 2022-05-17 15:58:00,931 basehttp 187 "GET /mobiles/13576154277/count/ HTTP/1.1" 200 39
INFO 2022-05-17 15:58:01,171 basehttp 187 "POST /register/ HTTP/1.1" 200 27
WARNING 2022-05-17 15:58:01,593 log 241 Not Found: /carts/simple/
WARNING 2022-05-17 15:58:01,594 basehttp 187 "GET /carts/simple/ HTTP/1.1" 404 2659
INFO 2022-05-18 13:56:56,991 autoreload 677 Watching for file changes with StatReloader
INFO 2022-05-18 14:18:09,448 autoreload 677 Watching for file changes with StatReloader
ERROR 2022-05-18 14:18:41,935 log 241 Internal Server Error: /image_codes/1234/
Traceback (most recent call last):
  File "C:\Users\24494\AppData\Local\Programs\Python\Python310\lib\site-packages\django\core\handlers\exception.py", line 55, in inner
    response = get_response(request)
  File "C:\Users\24494\AppData\Local\Programs\Python\Python310\lib\site-packages\django\core\handlers\base.py", line 197, in _get_response
    response = wrapped_callback(request, *callback_args, **callback_kwargs)
  File "C:\Users\24494\AppData\Local\Programs\Python\Python310\lib\site-packages\django\views\generic\base.py", line 84, in view
    return self.dispatch(request, *args, **kwargs)
  File "C:\Users\24494\AppData\Local\Programs\Python\Python310\lib\site-packages\django\views\generic\base.py", line 119, in dispatch
    return handler(request, *args, **kwargs)
  File "C:\Users\24494\PycharmProjects\JiaJiamarket_django\apps\verifications\views.py", line 11, in get
    text, image = captcha.generate_captcha()
  File "C:\Users\24494\PycharmProjects\JiaJiamarket_django\libs\captcha\captcha.py", line 215, in generate_captcha
    return self.captcha("")
  File "C:\Users\24494\PycharmProjects\JiaJiamarket_django\libs\captcha\captcha.py", line 204, in captcha
    image = self.text(image, self.fonts, drawings=['warp', 'rotate', 'offset'])
  File "C:\Users\24494\PycharmProjects\JiaJiamarket_django\libs\captcha\captcha.py", line 147, in text
    mask = char_image.convert('L').point(lambda i: i * 1.97)
  File "C:\Users\24494\AppData\Local\Programs\Python\Python310\lib\site-packages\PIL\Image.py", line 1723, in point
    return self._new(self.im.point(lut, mode))
TypeError: 'float' object cannot be interpreted as an integer
ERROR 2022-05-18 14:18:41,940 basehttp 187 "GET /image_codes/1234/ HTTP/1.1" 500 102698
WARNING 2022-05-18 14:18:42,525 log 241 Not Found: /favicon.ico
WARNING 2022-05-18 14:18:42,526 basehttp 187 "GET /favicon.ico HTTP/1.1" 404 2819
ERROR 2022-05-18 14:19:02,405 log 241 Internal Server Error: /image_codes/123/
Traceback (most recent call last):
  File "C:\Users\24494\AppData\Local\Programs\Python\Python310\lib\site-packages\django\core\handlers\exception.py", line 55, in inner
    response = get_response(request)
  File "C:\Users\24494\AppData\Local\Programs\Python\Python310\lib\site-packages\django\core\handlers\base.py", line 197, in _get_response
    response = wrapped_callback(request, *callback_args, **callback_kwargs)
  File "C:\Users\24494\AppData\Local\Programs\Python\Python310\lib\site-packages\django\views\generic\base.py", line 84, in view
    return self.dispatch(request, *args, **kwargs)
  File "C:\Users\24494\AppData\Local\Programs\Python\Python310\lib\site-packages\django\views\generic\base.py", line 119, in dispatch
    return handler(request, *args, **kwargs)
  File "C:\Users\24494\PycharmProjects\JiaJiamarket_django\apps\verifications\views.py", line 11, in get
    text, image = captcha.generate_captcha()
  File "C:\Users\24494\PycharmProjects\JiaJiamarket_django\libs\captcha\captcha.py", line 215, in generate_captcha
    return self.captcha("")
  File "C:\Users\24494\PycharmProjects\JiaJiamarket_django\libs\captcha\captcha.py", line 204, in captcha
    image = self.text(image, self.fonts, drawings=['warp', 'rotate', 'offset'])
  File "C:\Users\24494\PycharmProjects\JiaJiamarket_django\libs\captcha\captcha.py", line 147, in text
    mask = char_image.convert('L').point(lambda i: i * 1.97)
  File "C:\Users\24494\AppData\Local\Programs\Python\Python310\lib\site-packages\PIL\Image.py", line 1723, in point
    return self._new(self.im.point(lut, mode))
TypeError: 'float' object cannot be interpreted as an integer
ERROR 2022-05-18 14:19:02,409 basehttp 187 "GET /image_codes/123/ HTTP/1.1" 500 102683
INFO 2022-05-18 14:21:35,918 autoreload 677 Watching for file changes with StatReloader
ERROR 2022-05-18 14:21:36,765 log 241 Internal Server Error: /image_codes/123/
Traceback (most recent call last):
  File "C:\Users\24494\AppData\Local\Programs\Python\Python310\lib\site-packages\django\core\handlers\exception.py", line 55, in inner
    response = get_response(request)
  File "C:\Users\24494\AppData\Local\Programs\Python\Python310\lib\site-packages\django\core\handlers\base.py", line 197, in _get_response
    response = wrapped_callback(request, *callback_args, **callback_kwargs)
  File "C:\Users\24494\AppData\Local\Programs\Python\Python310\lib\site-packages\django\views\generic\base.py", line 84, in view
    return self.dispatch(request, *args, **kwargs)
  File "C:\Users\24494\AppData\Local\Programs\Python\Python310\lib\site-packages\django\views\generic\base.py", line 119, in dispatch
    return handler(request, *args, **kwargs)
  File "C:\Users\24494\PycharmProjects\JiaJiamarket_django\apps\verifications\views.py", line 11, in get
    text, image = captcha.generate_captcha()
  File "C:\Users\24494\PycharmProjects\JiaJiamarket_django\libs\captcha\captcha.py", line 215, in generate_captcha
    return self.captcha("")
  File "C:\Users\24494\PycharmProjects\JiaJiamarket_django\libs\captcha\captcha.py", line 204, in captcha
    image = self.text(image, self.fonts, drawings=['warp', 'rotate', 'offset'])
  File "C:\Users\24494\PycharmProjects\JiaJiamarket_django\libs\captcha\captcha.py", line 147, in text
    mask = char_image.convert('L').point(lambda i: i * 1.97)
  File "C:\Users\24494\AppData\Local\Programs\Python\Python310\lib\site-packages\PIL\Image.py", line 1723, in point
    return self._new(self.im.point(lut, mode))
TypeError: 'float' object cannot be interpreted as an integer
ERROR 2022-05-18 14:21:36,771 basehttp 187 "GET /image_codes/123/ HTTP/1.1" 500 102850
ERROR 2022-05-18 14:21:56,117 log 241 Internal Server Error: /image_codes/123/
Traceback (most recent call last):
  File "C:\Users\24494\AppData\Local\Programs\Python\Python310\lib\site-packages\django\core\handlers\exception.py", line 55, in inner
    response = get_response(request)
  File "C:\Users\24494\AppData\Local\Programs\Python\Python310\lib\site-packages\django\core\handlers\base.py", line 197, in _get_response
    response = wrapped_callback(request, *callback_args, **callback_kwargs)
  File "C:\Users\24494\AppData\Local\Programs\Python\Python310\lib\site-packages\django\views\generic\base.py", line 84, in view
    return self.dispatch(request, *args, **kwargs)
  File "C:\Users\24494\AppData\Local\Programs\Python\Python310\lib\site-packages\django\views\generic\base.py", line 119, in dispatch
    return handler(request, *args, **kwargs)
  File "C:\Users\24494\PycharmProjects\JiaJiamarket_django\apps\verifications\views.py", line 11, in get
    text, image = captcha.generate_captcha()
  File "C:\Users\24494\PycharmProjects\JiaJiamarket_django\libs\captcha\captcha.py", line 215, in generate_captcha
    return self.captcha("")
  File "C:\Users\24494\PycharmProjects\JiaJiamarket_django\libs\captcha\captcha.py", line 204, in captcha
    image = self.text(image, self.fonts, drawings=['warp', 'rotate', 'offset'])
  File "C:\Users\24494\PycharmProjects\JiaJiamarket_django\libs\captcha\captcha.py", line 147, in text
    mask = char_image.convert('L').point(lambda i: i * 1.97)
  File "C:\Users\24494\AppData\Local\Programs\Python\Python310\lib\site-packages\PIL\Image.py", line 1723, in point
    return self._new(self.im.point(lut, mode))
TypeError: 'float' object cannot be interpreted as an integer
ERROR 2022-05-18 14:21:56,122 basehttp 187 "GET /image_codes/123/ HTTP/1.1" 500 102849
INFO 2022-05-18 14:22:50,663 autoreload 677 Watching for file changes with StatReloader
ERROR 2022-05-18 14:22:53,143 log 241 Internal Server Error: /image_codes/123/
Traceback (most recent call last):
  File "C:\Users\24494\AppData\Local\Programs\Python\Python310\lib\site-packages\django\core\handlers\exception.py", line 55, in inner
    response = get_response(request)
  File "C:\Users\24494\AppData\Local\Programs\Python\Python310\lib\site-packages\django\core\handlers\base.py", line 197, in _get_response
    response = wrapped_callback(request, *callback_args, **callback_kwargs)
  File "C:\Users\24494\AppData\Local\Programs\Python\Python310\lib\site-packages\django\views\generic\base.py", line 84, in view
    return self.dispatch(request, *args, **kwargs)
  File "C:\Users\24494\AppData\Local\Programs\Python\Python310\lib\site-packages\django\views\generic\base.py", line 119, in dispatch
    return handler(request, *args, **kwargs)
  File "C:\Users\24494\PycharmProjects\JiaJiamarket_django\apps\verifications\views.py", line 11, in get
    text, image = captcha.generate_captcha()
  File "C:\Users\24494\PycharmProjects\JiaJiamarket_django\libs\captcha\captcha.py", line 215, in generate_captcha
    return self.captcha("")
  File "C:\Users\24494\PycharmProjects\JiaJiamarket_django\libs\captcha\captcha.py", line 204, in captcha
    image = self.text(image, self.fonts, drawings=['warp', 'rotate', 'offset'])
  File "C:\Users\24494\PycharmProjects\JiaJiamarket_django\libs\captcha\captcha.py", line 147, in text
    mask = char_image.convert('L').point(lambda i: i * 1.97)
  File "C:\Users\24494\AppData\Local\Programs\Python\Python310\lib\site-packages\PIL\Image.py", line 1723, in point
    return self._new(self.im.point(lut, mode))
TypeError: 'float' object cannot be interpreted as an integer
ERROR 2022-05-18 14:22:53,148 basehttp 187 "GET /image_codes/123/ HTTP/1.1" 500 102869
INFO 2022-05-18 14:23:36,889 autoreload 266 C:\Users\24494\PycharmProjects\JiaJiamarket_django\apps\verifications\views.py changed, reloading.
INFO 2022-05-18 14:23:37,766 autoreload 677 Watching for file changes with StatReloader
INFO 2022-05-18 14:24:31,808 autoreload 677 Watching for file changes with StatReloader
ERROR 2022-05-18 14:24:35,461 log 241 Internal Server Error: /image_codes/123/
Traceback (most recent call last):
  File "C:\Users\24494\AppData\Local\Programs\Python\Python310\lib\site-packages\django\core\handlers\exception.py", line 55, in inner
    response = get_response(request)
  File "C:\Users\24494\AppData\Local\Programs\Python\Python310\lib\site-packages\django\core\handlers\base.py", line 197, in _get_response
    response = wrapped_callback(request, *callback_args, **callback_kwargs)
  File "C:\Users\24494\AppData\Local\Programs\Python\Python310\lib\site-packages\django\views\generic\base.py", line 84, in view
    return self.dispatch(request, *args, **kwargs)
  File "C:\Users\24494\AppData\Local\Programs\Python\Python310\lib\site-packages\django\views\generic\base.py", line 119, in dispatch
    return handler(request, *args, **kwargs)
  File "C:\Users\24494\PycharmProjects\JiaJiamarket_django\apps\verifications\views.py", line 11, in get
    text, image = captcha.generate_captcha()
  File "C:\Users\24494\PycharmProjects\JiaJiamarket_django\libs\captcha\captcha.py", line 215, in generate_captcha
    return self.captcha("")
  File "C:\Users\24494\PycharmProjects\JiaJiamarket_django\libs\captcha\captcha.py", line 204, in captcha
    image = self.text(image, self.fonts, drawings=['warp', 'rotate', 'offset'])
  File "C:\Users\24494\PycharmProjects\JiaJiamarket_django\libs\captcha\captcha.py", line 147, in text
    mask = char_image.convert('L').point(lambda i: i * 1.97)
  File "C:\Users\24494\AppData\Local\Programs\Python\Python310\lib\site-packages\PIL\Image.py", line 1723, in point
    return self._new(self.im.point(lut, mode))
TypeError: 'float' object cannot be interpreted as an integer
ERROR 2022-05-18 14:24:35,466 basehttp 187 "GET /image_codes/123/ HTTP/1.1" 500 102871
ERROR 2022-05-18 14:24:46,476 log 241 Internal Server Error: /image_codes/1234/
Traceback (most recent call last):
  File "C:\Users\24494\AppData\Local\Programs\Python\Python310\lib\site-packages\django\core\handlers\exception.py", line 55, in inner
    response = get_response(request)
  File "C:\Users\24494\AppData\Local\Programs\Python\Python310\lib\site-packages\django\core\handlers\base.py", line 197, in _get_response
    response = wrapped_callback(request, *callback_args, **callback_kwargs)
  File "C:\Users\24494\AppData\Local\Programs\Python\Python310\lib\site-packages\django\views\generic\base.py", line 84, in view
    return self.dispatch(request, *args, **kwargs)
  File "C:\Users\24494\AppData\Local\Programs\Python\Python310\lib\site-packages\django\views\generic\base.py", line 119, in dispatch
    return handler(request, *args, **kwargs)
  File "C:\Users\24494\PycharmProjects\JiaJiamarket_django\apps\verifications\views.py", line 11, in get
    text, image = captcha.generate_captcha()
  File "C:\Users\24494\PycharmProjects\JiaJiamarket_django\libs\captcha\captcha.py", line 215, in generate_captcha
    return self.captcha("")
  File "C:\Users\24494\PycharmProjects\JiaJiamarket_django\libs\captcha\captcha.py", line 204, in captcha
    image = self.text(image, self.fonts, drawings=['warp', 'rotate', 'offset'])
  File "C:\Users\24494\PycharmProjects\JiaJiamarket_django\libs\captcha\captcha.py", line 147, in text
    mask = char_image.convert('L').point(lambda i: i * 1.97)
  File "C:\Users\24494\AppData\Local\Programs\Python\Python310\lib\site-packages\PIL\Image.py", line 1723, in point
    return self._new(self.im.point(lut, mode))
TypeError: 'float' object cannot be interpreted as an integer
ERROR 2022-05-18 14:24:46,480 basehttp 187 "GET /image_codes/1234/ HTTP/1.1" 500 102750
INFO 2022-05-18 14:28:00,822 autoreload 677 Watching for file changes with StatReloader
INFO 2022-05-18 14:28:02,795 basehttp 187 "GET /image_codes/1234/ HTTP/1.1" 200 3
INFO 2022-05-18 14:28:28,987 autoreload 266 C:\Users\24494\PycharmProjects\JiaJiamarket_django\apps\verifications\views.py changed, reloading.
INFO 2022-05-18 14:28:29,997 autoreload 677 Watching for file changes with StatReloader
INFO 2022-05-18 14:31:26,435 autoreload 266 C:\Users\24494\PycharmProjects\JiaJiamarket_django\apps\verifications\views.py changed, reloading.
INFO 2022-05-18 14:31:27,472 autoreload 677 Watching for file changes with StatReloader
INFO 2022-05-18 14:31:39,500 autoreload 266 C:\Users\24494\PycharmProjects\JiaJiamarket_django\apps\verifications\views.py changed, reloading.
INFO 2022-05-18 14:31:40,454 autoreload 677 Watching for file changes with StatReloader
INFO 2022-05-18 14:33:01,382 autoreload 266 C:\Users\24494\PycharmProjects\JiaJiamarket_django\apps\verifications\views.py changed, reloading.
INFO 2022-05-18 14:33:02,593 autoreload 677 Watching for file changes with StatReloader
INFO 2022-05-18 14:45:04,711 autoreload 677 Watching for file changes with StatReloader
INFO 2022-05-18 14:45:07,522 basehttp 187 "GET /image_codes/1234/ HTTP/1.1" 200 28800
INFO 2022-05-18 14:45:25,603 autoreload 677 Watching for file changes with StatReloader
INFO 2022-05-18 14:46:09,854 basehttp 187 "GET /image_codes/1234/ HTTP/1.1" 200 28800
INFO 2022-05-18 14:46:37,259 autoreload 677 Watching for file changes with StatReloader
INFO 2022-05-18 14:46:39,542 basehttp 187 "GET /image_codes/1234/ HTTP/1.1" 200 28800
INFO 2022-05-18 14:47:21,785 autoreload 677 Watching for file changes with StatReloader
INFO 2022-05-18 14:47:23,745 basehttp 187 "GET /image_codes/1234/ HTTP/1.1" 200 28800
INFO 2022-05-18 14:48:20,144 autoreload 677 Watching for file changes with StatReloader
ERROR 2022-05-18 14:48:21,913 log 241 Internal Server Error: /image_codes/1234/
Traceback (most recent call last):
  File "C:\Users\24494\AppData\Local\Programs\Python\Python310\lib\site-packages\PIL\Image.py", line 2278, in save
    format = EXTENSION[ext]
KeyError: ''

The above exception was the direct cause of the following exception:

Traceback (most recent call last):
  File "C:\Users\24494\AppData\Local\Programs\Python\Python310\lib\site-packages\django\core\handlers\exception.py", line 55, in inner
    response = get_response(request)
  File "C:\Users\24494\AppData\Local\Programs\Python\Python310\lib\site-packages\django\core\handlers\base.py", line 197, in _get_response
    response = wrapped_callback(request, *callback_args, **callback_kwargs)
  File "C:\Users\24494\AppData\Local\Programs\Python\Python310\lib\site-packages\django\views\generic\base.py", line 84, in view
    return self.dispatch(request, *args, **kwargs)
  File "C:\Users\24494\AppData\Local\Programs\Python\Python310\lib\site-packages\django\views\generic\base.py", line 119, in dispatch
    return handler(request, *args, **kwargs)
  File "C:\Users\24494\PycharmProjects\JiaJiamarket_django\apps\verifications\views.py", line 11, in get
    text, img = get_captcha()
  File "C:\Users\24494\PycharmProjects\JiaJiamarket_django\libs\captcha\captcha.py", line 14, in get_captcha
    img.save('./image')
  File "C:\Users\24494\AppData\Local\Programs\Python\Python310\lib\site-packages\PIL\Image.py", line 2280, in save
    raise ValueError(f"unknown file extension: {ext}") from e
ValueError: unknown file extension: 
ERROR 2022-05-18 14:48:21,919 basehttp 187 "GET /image_codes/1234/ HTTP/1.1" 500 93494
INFO 2022-05-18 14:49:09,397 autoreload 266 C:\Users\24494\PycharmProjects\JiaJiamarket_django\libs\captcha\captcha.py changed, reloading.
INFO 2022-05-18 14:49:10,268 autoreload 677 Watching for file changes with StatReloader
INFO 2022-05-18 14:49:30,747 autoreload 677 Watching for file changes with StatReloader
INFO 2022-05-18 14:49:33,367 basehttp 187 "GET /image_codes/1234/ HTTP/1.1" 200 28800
INFO 2022-05-18 14:50:31,022 autoreload 677 Watching for file changes with StatReloader
ERROR 2022-05-18 14:50:33,541 log 241 Internal Server Error: /image_codes/1234/
Traceback (most recent call last):
  File "C:\Users\24494\AppData\Local\Programs\Python\Python310\lib\site-packages\PIL\Image.py", line 455, in _getencoder
    encoder = getattr(core, encoder_name + "_encoder")
AttributeError: module 'PIL._imaging' has no attribute 'utf8_encoder'

The above exception was the direct cause of the following exception:

Traceback (most recent call last):
  File "C:\Users\24494\AppData\Local\Programs\Python\Python310\lib\site-packages\django\core\handlers\exception.py", line 55, in inner
    response = get_response(request)
  File "C:\Users\24494\AppData\Local\Programs\Python\Python310\lib\site-packages\django\core\handlers\base.py", line 197, in _get_response
    response = wrapped_callback(request, *callback_args, **callback_kwargs)
  File "C:\Users\24494\AppData\Local\Programs\Python\Python310\lib\site-packages\django\views\generic\base.py", line 84, in view
    return self.dispatch(request, *args, **kwargs)
  File "C:\Users\24494\AppData\Local\Programs\Python\Python310\lib\site-packages\django\views\generic\base.py", line 119, in dispatch
    return handler(request, *args, **kwargs)
  File "C:\Users\24494\PycharmProjects\JiaJiamarket_django\apps\verifications\views.py", line 11, in get
    text, img = get_captcha()
  File "C:\Users\24494\PycharmProjects\JiaJiamarket_django\libs\captcha\captcha.py", line 15, in get_captcha
    return cap_str, img.tobytes('utf8')
  File "C:\Users\24494\AppData\Local\Programs\Python\Python310\lib\site-packages\PIL\Image.py", line 768, in tobytes
    e = _getencoder(self.mode, encoder_name, args)
  File "C:\Users\24494\AppData\Local\Programs\Python\Python310\lib\site-packages\PIL\Image.py", line 457, in _getencoder
    raise OSError(f"encoder {encoder_name} not available") from e
OSError: encoder utf8 not available
ERROR 2022-05-18 14:50:33,546 basehttp 187 "GET /image_codes/1234/ HTTP/1.1" 500 95786
INFO 2022-05-18 14:51:34,957 autoreload 677 Watching for file changes with StatReloader
INFO 2022-05-18 14:51:43,029 autoreload 677 Watching for file changes with StatReloader
ERROR 2022-05-18 14:51:45,556 log 241 Internal Server Error: /image_codes/123/
Traceback (most recent call last):
  File "C:\Users\24494\AppData\Local\Programs\Python\Python310\lib\site-packages\django\core\handlers\exception.py", line 55, in inner
    response = get_response(request)
  File "C:\Users\24494\AppData\Local\Programs\Python\Python310\lib\site-packages\django\core\handlers\base.py", line 197, in _get_response
    response = wrapped_callback(request, *callback_args, **callback_kwargs)
  File "C:\Users\24494\AppData\Local\Programs\Python\Python310\lib\site-packages\django\views\generic\base.py", line 84, in view
    return self.dispatch(request, *args, **kwargs)
  File "C:\Users\24494\AppData\Local\Programs\Python\Python310\lib\site-packages\django\views\generic\base.py", line 119, in dispatch
    return handler(request, *args, **kwargs)
  File "C:\Users\24494\PycharmProjects\JiaJiamarket_django\apps\verifications\views.py", line 11, in get
    text, img = get_captcha()
  File "C:\Users\24494\PycharmProjects\JiaJiamarket_django\libs\captcha\captcha.py", line 15, in get_captcha
    return cap_str, img.tobytes('jpeg')
  File "C:\Users\24494\AppData\Local\Programs\Python\Python310\lib\site-packages\PIL\Image.py", line 768, in tobytes
    e = _getencoder(self.mode, encoder_name, args)
  File "C:\Users\24494\AppData\Local\Programs\Python\Python310\lib\site-packages\PIL\Image.py", line 458, in _getencoder
    return encoder(mode, *args + extra)
TypeError: function takes at least 2 arguments (1 given)
ERROR 2022-05-18 14:51:45,563 basehttp 187 "GET /image_codes/123/ HTTP/1.1" 500 91645
INFO 2022-05-18 14:56:39,420 autoreload 677 Watching for file changes with StatReloader
ERROR 2022-05-18 14:56:41,316 log 241 Internal Server Error: /image_codes/123/
Traceback (most recent call last):
  File "C:\Users\24494\AppData\Local\Programs\Python\Python310\lib\site-packages\django\core\handlers\exception.py", line 55, in inner
    response = get_response(request)
  File "C:\Users\24494\AppData\Local\Programs\Python\Python310\lib\site-packages\django\core\handlers\base.py", line 197, in _get_response
    response = wrapped_callback(request, *callback_args, **callback_kwargs)
  File "C:\Users\24494\AppData\Local\Programs\Python\Python310\lib\site-packages\django\views\generic\base.py", line 84, in view
    return self.dispatch(request, *args, **kwargs)
  File "C:\Users\24494\AppData\Local\Programs\Python\Python310\lib\site-packages\django\views\generic\base.py", line 119, in dispatch
    return handler(request, *args, **kwargs)
  File "C:\Users\24494\PycharmProjects\JiaJiamarket_django\apps\verifications\views.py", line 11, in get
    text, img = get_captcha()
  File "C:\Users\24494\PycharmProjects\JiaJiamarket_django\libs\captcha\captcha.py", line 15, in get_captcha
    return cap_str, img.tobytes('jpeg', [])
  File "C:\Users\24494\AppData\Local\Programs\Python\Python310\lib\site-packages\PIL\Image.py", line 768, in tobytes
    e = _getencoder(self.mode, encoder_name, args)
  File "C:\Users\24494\AppData\Local\Programs\Python\Python310\lib\site-packages\PIL\Image.py", line 458, in _getencoder
    return encoder(mode, *args + extra)
TypeError: argument 2 must be str, not list
ERROR 2022-05-18 14:56:41,321 basehttp 187 "GET /image_codes/123/ HTTP/1.1" 500 91607
INFO 2022-05-18 14:56:51,787 autoreload 677 Watching for file changes with StatReloader
ERROR 2022-05-18 14:56:53,598 log 241 Internal Server Error: /image_codes/123/
Traceback (most recent call last):
  File "C:\Users\24494\AppData\Local\Programs\Python\Python310\lib\site-packages\django\core\handlers\exception.py", line 55, in inner
    response = get_response(request)
  File "C:\Users\24494\AppData\Local\Programs\Python\Python310\lib\site-packages\django\core\handlers\base.py", line 197, in _get_response
    response = wrapped_callback(request, *callback_args, **callback_kwargs)
  File "C:\Users\24494\AppData\Local\Programs\Python\Python310\lib\site-packages\django\views\generic\base.py", line 84, in view
    return self.dispatch(request, *args, **kwargs)
  File "C:\Users\24494\AppData\Local\Programs\Python\Python310\lib\site-packages\django\views\generic\base.py", line 119, in dispatch
    return handler(request, *args, **kwargs)
  File "C:\Users\24494\PycharmProjects\JiaJiamarket_django\apps\verifications\views.py", line 11, in get
    text, img = get_captcha()
  File "C:\Users\24494\PycharmProjects\JiaJiamarket_django\libs\captcha\captcha.py", line 15, in get_captcha
    return cap_str, img.tobytes('jpeg', '')
  File "C:\Users\24494\AppData\Local\Programs\Python\Python310\lib\site-packages\PIL\Image.py", line 768, in tobytes
    e = _getencoder(self.mode, encoder_name, args)
  File "C:\Users\24494\AppData\Local\Programs\Python\Python310\lib\site-packages\PIL\Image.py", line 458, in _getencoder
    return encoder(mode, *args + extra)
ValueError: No packer found from RGB to 
ERROR 2022-05-18 14:56:53,605 basehttp 187 "GET /image_codes/123/ HTTP/1.1" 500 91637
INFO 2022-05-18 14:57:10,021 autoreload 677 Watching for file changes with StatReloader
INFO 2022-05-18 14:57:12,106 basehttp 187 "GET /image_codes/123/ HTTP/1.1" 200 895
INFO 2022-05-18 14:57:53,952 autoreload 677 Watching for file changes with StatReloader
ERROR 2022-05-18 14:57:55,917 log 241 Internal Server Error: /image_codes/123/
Traceback (most recent call last):
  File "C:\Users\24494\AppData\Local\Programs\Python\Python310\lib\site-packages\PIL\Image.py", line 455, in _getencoder
    encoder = getattr(core, encoder_name + "_encoder")
AttributeError: module 'PIL._imaging' has no attribute 'png_encoder'

The above exception was the direct cause of the following exception:

Traceback (most recent call last):
  File "C:\Users\24494\AppData\Local\Programs\Python\Python310\lib\site-packages\django\core\handlers\exception.py", line 55, in inner
    response = get_response(request)
  File "C:\Users\24494\AppData\Local\Programs\Python\Python310\lib\site-packages\django\core\handlers\base.py", line 197, in _get_response
    response = wrapped_callback(request, *callback_args, **callback_kwargs)
  File "C:\Users\24494\AppData\Local\Programs\Python\Python310\lib\site-packages\django\views\generic\base.py", line 84, in view
    return self.dispatch(request, *args, **kwargs)
  File "C:\Users\24494\AppData\Local\Programs\Python\Python310\lib\site-packages\django\views\generic\base.py", line 119, in dispatch
    return handler(request, *args, **kwargs)
  File "C:\Users\24494\PycharmProjects\JiaJiamarket_django\apps\verifications\views.py", line 11, in get
    text, img = get_captcha()
  File "C:\Users\24494\PycharmProjects\JiaJiamarket_django\libs\captcha\captcha.py", line 15, in get_captcha
    return cap_str, img.tobytes('png', 'RGB')
  File "C:\Users\24494\AppData\Local\Programs\Python\Python310\lib\site-packages\PIL\Image.py", line 768, in tobytes
    e = _getencoder(self.mode, encoder_name, args)
  File "C:\Users\24494\AppData\Local\Programs\Python\Python310\lib\site-packages\PIL\Image.py", line 457, in _getencoder
    raise OSError(f"encoder {encoder_name} not available") from e
OSError: encoder png not available
ERROR 2022-05-18 14:57:55,922 basehttp 187 "GET /image_codes/123/ HTTP/1.1" 500 95840
INFO 2022-05-18 14:58:53,552 autoreload 677 Watching for file changes with StatReloader
INFO 2022-05-18 14:58:56,934 basehttp 187 "GET /image_codes/123/ HTTP/1.1" 200 846
INFO 2022-05-18 15:00:39,432 autoreload 677 Watching for file changes with StatReloader
ERROR 2022-05-18 15:00:39,875 log 241 Internal Server Error: /image_codes/123/
Traceback (most recent call last):
  File "C:\Users\24494\AppData\Local\Programs\Python\Python310\lib\site-packages\PIL\Image.py", line 455, in _getencoder
    encoder = getattr(core, encoder_name + "_encoder")
AttributeError: module 'PIL._imaging' has no attribute 'png_encoder'

The above exception was the direct cause of the following exception:

Traceback (most recent call last):
  File "C:\Users\24494\AppData\Local\Programs\Python\Python310\lib\site-packages\django\core\handlers\exception.py", line 55, in inner
    response = get_response(request)
  File "C:\Users\24494\AppData\Local\Programs\Python\Python310\lib\site-packages\django\core\handlers\base.py", line 197, in _get_response
    response = wrapped_callback(request, *callback_args, **callback_kwargs)
  File "C:\Users\24494\AppData\Local\Programs\Python\Python310\lib\site-packages\django\views\generic\base.py", line 84, in view
    return self.dispatch(request, *args, **kwargs)
  File "C:\Users\24494\AppData\Local\Programs\Python\Python310\lib\site-packages\django\views\generic\base.py", line 119, in dispatch
    return handler(request, *args, **kwargs)
  File "C:\Users\24494\PycharmProjects\JiaJiamarket_django\apps\verifications\views.py", line 11, in get
    text, img = get_captcha()
  File "C:\Users\24494\PycharmProjects\JiaJiamarket_django\libs\captcha\captcha.py", line 15, in get_captcha
    return cap_str, img.tobytes('png', '')
  File "C:\Users\24494\AppData\Local\Programs\Python\Python310\lib\site-packages\PIL\Image.py", line 768, in tobytes
    e = _getencoder(self.mode, encoder_name, args)
  File "C:\Users\24494\AppData\Local\Programs\Python\Python310\lib\site-packages\PIL\Image.py", line 457, in _getencoder
    raise OSError(f"encoder {encoder_name} not available") from e
OSError: encoder png not available
ERROR 2022-05-18 15:00:39,882 basehttp 187 "GET /image_codes/123/ HTTP/1.1" 500 95825
INFO 2022-05-18 15:00:55,861 autoreload 677 Watching for file changes with StatReloader
INFO 2022-05-18 15:01:05,538 basehttp 187 "GET /image_codes/123/ HTTP/1.1" 200 1103
INFO 2022-05-18 15:01:51,036 autoreload 677 Watching for file changes with StatReloader
ERROR 2022-05-18 15:01:52,828 log 241 Internal Server Error: /image_codes/123/
Traceback (most recent call last):
  File "C:\Users\24494\AppData\Local\Programs\Python\Python310\lib\site-packages\django\core\handlers\exception.py", line 55, in inner
    response = get_response(request)
  File "C:\Users\24494\AppData\Local\Programs\Python\Python310\lib\site-packages\django\core\handlers\base.py", line 197, in _get_response
    response = wrapped_callback(request, *callback_args, **callback_kwargs)
  File "C:\Users\24494\AppData\Local\Programs\Python\Python310\lib\site-packages\django\views\generic\base.py", line 84, in view
    return self.dispatch(request, *args, **kwargs)
  File "C:\Users\24494\AppData\Local\Programs\Python\Python310\lib\site-packages\django\views\generic\base.py", line 119, in dispatch
    return handler(request, *args, **kwargs)
  File "C:\Users\24494\PycharmProjects\JiaJiamarket_django\apps\verifications\views.py", line 11, in get
    text, img = get_captcha()
  File "C:\Users\24494\PycharmProjects\JiaJiamarket_django\libs\captcha\captcha.py", line 15, in get_captcha
    return cap_str, img.tobytes('jpeg', 'CMYK')
  File "C:\Users\24494\AppData\Local\Programs\Python\Python310\lib\site-packages\PIL\Image.py", line 768, in tobytes
    e = _getencoder(self.mode, encoder_name, args)
  File "C:\Users\24494\AppData\Local\Programs\Python\Python310\lib\site-packages\PIL\Image.py", line 458, in _getencoder
    return encoder(mode, *args + extra)
ValueError: No packer found from RGB to CMYK
ERROR 2022-05-18 15:01:52,834 basehttp 187 "GET /image_codes/123/ HTTP/1.1" 500 91668
INFO 2022-05-18 15:02:05,672 autoreload 677 Watching for file changes with StatReloader
INFO 2022-05-18 15:02:13,941 autoreload 677 Watching for file changes with StatReloader
INFO 2022-05-18 15:02:14,221 basehttp 187 "GET /image_codes/123/ HTTP/1.1" 200 890
INFO 2022-05-18 15:02:15,795 basehttp 187 "GET /image_codes/123/ HTTP/1.1" 200 891
INFO 2022-05-18 15:04:01,687 autoreload 266 C:\Users\24494\PycharmProjects\JiaJiamarket_django\libs\captcha\captcha.py changed, reloading.
INFO 2022-05-18 15:04:02,743 autoreload 677 Watching for file changes with StatReloader
INFO 2022-05-18 15:06:50,939 autoreload 677 Watching for file changes with StatReloader
ERROR 2022-05-18 15:06:54,146 log 241 Internal Server Error: /image_codes/123/
Traceback (most recent call last):
  File "C:\Users\24494\AppData\Local\Programs\Python\Python310\lib\site-packages\django\core\handlers\exception.py", line 55, in inner
    response = get_response(request)
  File "C:\Users\24494\AppData\Local\Programs\Python\Python310\lib\site-packages\django\core\handlers\base.py", line 197, in _get_response
    response = wrapped_callback(request, *callback_args, **callback_kwargs)
  File "C:\Users\24494\AppData\Local\Programs\Python\Python310\lib\site-packages\django\views\generic\base.py", line 84, in view
    return self.dispatch(request, *args, **kwargs)
  File "C:\Users\24494\AppData\Local\Programs\Python\Python310\lib\site-packages\django\views\generic\base.py", line 119, in dispatch
    return handler(request, *args, **kwargs)
  File "C:\Users\24494\PycharmProjects\JiaJiamarket_django\apps\verifications\views.py", line 11, in get
    text, img = get_captcha()
  File "C:\Users\24494\PycharmProjects\JiaJiamarket_django\libs\captcha\captcha.py", line 16, in get_captcha
    img_b = base64.b64encode(img)
  File "C:\Users\24494\AppData\Local\Programs\Python\Python310\lib\base64.py", line 58, in b64encode
    encoded = binascii.b2a_base64(s, newline=False)
TypeError: a bytes-like object is required, not 'Image'
ERROR 2022-05-18 15:06:54,150 basehttp 187 "GET /image_codes/123/ HTTP/1.1" 500 87868
INFO 2022-05-18 15:07:33,242 autoreload 677 Watching for file changes with StatReloader
INFO 2022-05-18 15:07:34,917 basehttp 187 "GET /image_codes/123/ HTTP/1.1" 200 38400
INFO 2022-05-18 15:08:06,647 autoreload 266 C:\Users\24494\PycharmProjects\JiaJiamarket_django\libs\captcha\captcha.py changed, reloading.
INFO 2022-05-18 15:08:07,886 autoreload 677 Watching for file changes with StatReloader
INFO 2022-05-18 15:14:43,667 autoreload 266 C:\Users\24494\PycharmProjects\JiaJiamarket_django\apps\verifications\views.py changed, reloading.
INFO 2022-05-18 15:14:44,665 autoreload 677 Watching for file changes with StatReloader
INFO 2022-05-18 15:16:26,598 autoreload 677 Watching for file changes with StatReloader
INFO 2022-05-18 15:16:49,665 autoreload 677 Watching for file changes with StatReloader
ERROR 2022-05-18 15:16:51,895 log 241 Internal Server Error: /image_codes/123/
Traceback (most recent call last):
  File "C:\Users\24494\AppData\Local\Programs\Python\Python310\lib\site-packages\PIL\Image.py", line 2278, in save
    format = EXTENSION[ext]
KeyError: ''

The above exception was the direct cause of the following exception:

Traceback (most recent call last):
  File "C:\Users\24494\AppData\Local\Programs\Python\Python310\lib\site-packages\django\core\handlers\exception.py", line 55, in inner
    response = get_response(request)
  File "C:\Users\24494\AppData\Local\Programs\Python\Python310\lib\site-packages\django\core\handlers\base.py", line 197, in _get_response
    response = wrapped_callback(request, *callback_args, **callback_kwargs)
  File "C:\Users\24494\AppData\Local\Programs\Python\Python310\lib\site-packages\django\views\generic\base.py", line 84, in view
    return self.dispatch(request, *args, **kwargs)
  File "C:\Users\24494\AppData\Local\Programs\Python\Python310\lib\site-packages\django\views\generic\base.py", line 119, in dispatch
    return handler(request, *args, **kwargs)
  File "C:\Users\24494\PycharmProjects\JiaJiamarket_django\apps\verifications\views.py", line 10, in get
    text, img = get_captcha()
  File "C:\Users\24494\PycharmProjects\JiaJiamarket_django\libs\captcha\captcha.py", line 15, in get_captcha
    img.save(cap_str+'jpg')
  File "C:\Users\24494\AppData\Local\Programs\Python\Python310\lib\site-packages\PIL\Image.py", line 2280, in save
    raise ValueError(f"unknown file extension: {ext}") from e
ValueError: unknown file extension: 
ERROR 2022-05-18 15:16:51,900 basehttp 187 "GET /image_codes/123/ HTTP/1.1" 500 94039
INFO 2022-05-18 15:17:27,355 autoreload 677 Watching for file changes with StatReloader
ERROR 2022-05-18 15:17:29,233 log 241 Internal Server Error: /image_codes/123/
Traceback (most recent call last):
  File "C:\Users\24494\AppData\Local\Programs\Python\Python310\lib\site-packages\django\core\handlers\exception.py", line 55, in inner
    response = get_response(request)
  File "C:\Users\24494\AppData\Local\Programs\Python\Python310\lib\site-packages\django\core\handlers\base.py", line 197, in _get_response
    response = wrapped_callback(request, *callback_args, **callback_kwargs)
  File "C:\Users\24494\AppData\Local\Programs\Python\Python310\lib\site-packages\django\views\generic\base.py", line 84, in view
    return self.dispatch(request, *args, **kwargs)
  File "C:\Users\24494\AppData\Local\Programs\Python\Python310\lib\site-packages\django\views\generic\base.py", line 119, in dispatch
    return handler(request, *args, **kwargs)
  File "C:\Users\24494\PycharmProjects\JiaJiamarket_django\apps\verifications\views.py", line 10, in get
    text, img = get_captcha()
  File "C:\Users\24494\PycharmProjects\JiaJiamarket_django\libs\captcha\captcha.py", line 16, in get_captcha
    with open('./' + cap_str + 'jpg', 'rb') as file:
FileNotFoundError: [Errno 2] No such file or directory: './0hjo2jpg'
ERROR 2022-05-18 15:17:29,237 basehttp 187 "GET /image_codes/123/ HTTP/1.1" 500 84493
INFO 2022-05-18 15:18:49,995 autoreload 677 Watching for file changes with StatReloader
ERROR 2022-05-18 15:18:51,875 log 241 Internal Server Error: /image_codes/123/
Traceback (most recent call last):
  File "C:\Users\24494\AppData\Local\Programs\Python\Python310\lib\site-packages\django\core\handlers\exception.py", line 55, in inner
    response = get_response(request)
  File "C:\Users\24494\AppData\Local\Programs\Python\Python310\lib\site-packages\django\core\handlers\base.py", line 197, in _get_response
    response = wrapped_callback(request, *callback_args, **callback_kwargs)
  File "C:\Users\24494\AppData\Local\Programs\Python\Python310\lib\site-packages\django\views\generic\base.py", line 84, in view
    return self.dispatch(request, *args, **kwargs)
  File "C:\Users\24494\AppData\Local\Programs\Python\Python310\lib\site-packages\django\views\generic\base.py", line 119, in dispatch
    return handler(request, *args, **kwargs)
  File "C:\Users\24494\PycharmProjects\JiaJiamarket_django\apps\verifications\views.py", line 10, in get
    text, img = get_captcha()
  File "C:\Users\24494\PycharmProjects\JiaJiamarket_django\libs\captcha\captcha.py", line 16, in get_captcha
    with open('./libs/captcha/image/' + cap_str + '.jpg', 'rb') as file:
FileNotFoundError: [Errno 2] No such file or directory: './libs/captcha/image/qjz26.jpg'
ERROR 2022-05-18 15:18:51,879 basehttp 187 "GET /image_codes/123/ HTTP/1.1" 500 84613
INFO 2022-05-18 15:19:44,054 autoreload 677 Watching for file changes with StatReloader
INFO 2022-05-18 15:19:45,970 basehttp 187 "GET /image_codes/123/ HTTP/1.1" 200 2542
INFO 2022-05-18 15:21:15,433 autoreload 677 Watching for file changes with StatReloader
INFO 2022-05-18 15:21:16,519 basehttp 187 "GET /image_codes/123/ HTTP/1.1" 200 2669
INFO 2022-05-18 15:21:25,009 basehttp 187 "GET /image_codes/123/ HTTP/1.1" 200 2167
INFO 2022-05-18 15:25:10,636 autoreload 266 C:\Users\24494\PycharmProjects\JiaJiamarket_django\libs\captcha\captcha.py changed, reloading.
INFO 2022-05-18 15:25:11,698 autoreload 677 Watching for file changes with StatReloader
INFO 2022-05-18 15:31:00,230 autoreload 677 Watching for file changes with StatReloader
INFO 2022-05-18 15:31:47,983 basehttp 187 "GET /image_codes/8ebf7d11-2cd6-4cf7-9f92-0650dc45b54d/ HTTP/1.1" 200 2935
INFO 2022-05-18 15:32:01,038 basehttp 187 "GET /image_codes/025b916a-24f2-452e-b5cf-e83bd2e4f853/ HTTP/1.1" 200 2651
INFO 2022-05-18 15:32:54,460 basehttp 187 "GET /image_codes/8f10c7d6-8949-4283-afd4-ff1518125375/ HTTP/1.1" 200 2570
INFO 2022-05-18 15:32:58,817 basehttp 187 "GET /image_codes/6e766e0b-2dcc-4018-9d0b-1a7999b3dc6a/ HTTP/1.1" 200 2790
INFO 2022-05-18 15:34:56,527 autoreload 266 C:\Users\24494\PycharmProjects\JiaJiamarket_django\apps\user\views.py changed, reloading.
INFO 2022-05-18 15:34:57,455 autoreload 677 Watching for file changes with StatReloader
